<?xml version="1.0" encoding="UTF-8"?>
<testsuites tests="9" failures="0" disabled="0" errors="0" time="42.988" timestamp="2020-02-11T13:39:34" name="AllTests">
  <testsuite name="Test_mRMRM" tests="9" failures="0" disabled="0" errors="0" time="42.985" timestamp="2020-02-11T13:39:34">
    <testcase name="process1" status="run" result="completed" time="0.016" timestamp="2020-02-11T13:39:34" classname="Test_mRMRM" />
    <testcase name="process2" status="run" result="completed" time="0.133" timestamp="2020-02-11T13:39:34" classname="Test_mRMRM" />
    <testcase name="process3" status="run" result="completed" time="0.112" timestamp="2020-02-11T13:39:34" classname="Test_mRMRM" />
    <testcase name="process4" status="run" result="completed" time="0.128" timestamp="2020-02-11T13:39:34" classname="Test_mRMRM" />
    <testcase name="process5" status="run" result="completed" time="0.157" timestamp="2020-02-11T13:39:35" classname="Test_mRMRM" />
    <testcase name="process6" status="run" result="completed" time="0.175" timestamp="2020-02-11T13:39:35" classname="Test_mRMRM" />
    <testcase name="process7" status="run" result="completed" time="0.176" timestamp="2020-02-11T13:39:35" classname="Test_mRMRM" />
    <testcase name="process8" status="run" result="completed" time="21.312" timestamp="2020-02-11T13:39:35" classname="Test_mRMRM" />
    <testcase name="process9" status="run" result="completed" time="20.749" timestamp="2020-02-11T13:39:56" classname="Test_mRMRM" />
  </testsuite>
</testsuites>
